<?xml version="1.0" encoding="UTF-8"?>
<testng-results ignored="0" total="1" passed="1" failed="0" skipped="0">
  <reporter-output>
    <line>
      <![CDATA[openBrowser]]>
    </line>
    <line>
      <![CDATA[login]]>
    </line>
    <line>
      <![CDATA[pass]]>
    </line>
    <line>
      <![CDATA[logout]]>
    </line>
    <line>
      <![CDATA[closeBrowser]]>
    </line>
  </reporter-output>
  <suite started-at="2022-10-11T19:29:45 IST" name="Default suite" finished-at="2022-10-11T19:30:15 IST" duration-ms="30178">
    <groups>
    </groups>
    <test started-at="2022-10-11T19:29:45 IST" name="Default test" finished-at="2022-10-11T19:30:15 IST" duration-ms="30178">
      <class name="com.actitime.testscript.TestMeth">
        <test-method is-config="true" signature="openBrowser()[pri:0, instance:com.actitime.testscript.TestMeth@71def8f8]" started-at="2022-10-11T19:29:45 IST" name="openBrowser" finished-at="2022-10-11T19:29:47 IST" duration-ms="1531" status="PASS">
          <reporter-output>
            <line>
              <![CDATA[openBrowser]]>
            </line>
          </reporter-output>
        </test-method> <!-- openBrowser -->
        <test-method is-config="true" signature="login()[pri:0, instance:com.actitime.testscript.TestMeth@71def8f8]" started-at="2022-10-11T19:29:47 IST" name="login" finished-at="2022-10-11T19:29:59 IST" duration-ms="12246" status="PASS">
          <reporter-output>
            <line>
              <![CDATA[login]]>
            </line>
          </reporter-output>
        </test-method> <!-- login -->
        <test-method signature="createCustomer()[pri:0, instance:com.actitime.testscript.TestMeth@71def8f8]" started-at="2022-10-11T19:29:59 IST" name="createCustomer" finished-at="2022-10-11T19:30:13 IST" duration-ms="14186" status="PASS">
          <reporter-output>
            <line>
              <![CDATA[pass]]>
            </line>
          </reporter-output>
        </test-method> <!-- createCustomer -->
        <test-method is-config="true" signature="logout()[pri:0, instance:com.actitime.testscript.TestMeth@71def8f8]" started-at="2022-10-11T19:30:13 IST" name="logout" finished-at="2022-10-11T19:30:15 IST" duration-ms="2104" status="PASS">
          <reporter-output>
            <line>
              <![CDATA[logout]]>
            </line>
          </reporter-output>
        </test-method> <!-- logout -->
        <test-method is-config="true" signature="closeBrowser()[pri:0, instance:com.actitime.testscript.TestMeth@71def8f8]" started-at="2022-10-11T19:30:15 IST" name="closeBrowser" finished-at="2022-10-11T19:30:15 IST" duration-ms="89" status="PASS">
          <reporter-output>
            <line>
              <![CDATA[closeBrowser]]>
            </line>
          </reporter-output>
        </test-method> <!-- closeBrowser -->
      </class> <!-- com.actitime.testscript.TestMeth -->
    </test> <!-- Default test -->
  </suite> <!-- Default suite -->
</testng-results>
